<?xml version="1.0" encoding="UTF-8"?>
<!-- Generated by org.testng.reporters.JUnitReportReporter -->
<testsuite hostname="2JVR353" failures="0" tests="2" name="com.test.WebElementList" time="3.400" errors="0" timestamp="2024-07-15T23:42:12 CDT" skipped="0">
  <testcase classname="com.test.WebElementList" name="MouseHovering" time="2.519"/>
  <testcase classname="com.test.WebElementList" name="DropDown" time="0.881"/>
</testsuite> <!-- com.test.WebElementList -->
