<?xml version="1.0" encoding="UTF-8"?>
<!-- Generated by org.testng.reporters.JUnitReportReporter -->
<testsuite hostname="2JVR353" failures="0" tests="2" name="com.test.WebElementList" time="5.216" errors="0" timestamp="2024-07-26T23:49:55 CDT" skipped="0">
  <testcase classname="com.test.WebElementList" name="MouseHovering" time="2.992"/>
  <testcase classname="com.test.WebElementList" name="DropDown" time="2.224"/>
</testsuite> <!-- com.test.WebElementList -->
