<?xml version="1.0" encoding="UTF-8"?>
<!-- Generated by org.testng.reporters.JUnitReportReporter -->
<testsuite hostname="2JVR353" failures="0" tests="2" name="com.test.WebElementList" time="3.939" errors="0" timestamp="2024-07-01T13:50:08 CDT" skipped="0">
  <testcase classname="com.test.WebElementList" name="MouseHovering" time="2.512"/>
  <testcase classname="com.test.WebElementList" name="DropDown" time="1.427"/>
</testsuite> <!-- com.test.WebElementList -->
