<?xml version="1.0" encoding="UTF-8"?>
<!-- Generated by org.testng.reporters.JUnitReportReporter -->
<testsuite hostname="2JVR353" failures="0" tests="1" name="Excersises.MAPS1" time="86.864" errors="0" timestamp="2024-07-02T21:13:29 CDT" skipped="0">
  <testcase classname="Excersises.MAPS1" name="test2087" time="86.864"/>
</testsuite> <!-- Excersises.MAPS1 -->
