<?xml version="1.0" encoding="UTF-8"?>
<!-- Generated by org.testng.reporters.JUnitReportReporter -->
<testsuite hostname="2JVR353" failures="0" tests="1" name="com.test.WebElementList" time="2.560" errors="0" timestamp="2024-07-15T15:36:36 CDT" skipped="0">
  <testcase classname="com.test.WebElementList" name="MouseHovering" time="2.560"/>
</testsuite> <!-- com.test.WebElementList -->
