<?xml version="1.0" encoding="UTF-8"?>
<!-- Generated by org.testng.reporters.JUnitReportReporter -->
<testsuite hostname="2JVR353" failures="0" tests="1" name="com.excledata.DataRead2" time="0.578" errors="0" timestamp="2024-07-25T18:05:56 CDT" skipped="0">
  <testcase classname="com.excledata.DataRead2" name="dataRead" time="0.578"/>
</testsuite> <!-- com.excledata.DataRead2 -->
