<?xml version="1.0" encoding="UTF-8"?>
<!-- Generated by org.testng.reporters.JUnitReportReporter -->
<testsuite hostname="2JVR353" failures="0" tests="1" name="com.excledata.ReadData" time="0.563" errors="0" timestamp="2024-07-25T17:31:50 CDT" skipped="0">
  <testcase classname="com.excledata.ReadData" name="DataRead" time="0.563"/>
</testsuite> <!-- com.excledata.ReadData -->
