<?xml version="1.0" encoding="UTF-8"?>
<!-- Generated by org.testng.reporters.JUnitReportReporter -->
<testsuite hostname="2JVR353" failures="0" tests="2" name="com.test.WebElementList" time="0.000" errors="0" timestamp="2024-07-10T14:05:09 CDT" skipped="2">
  <testcase classname="com.test.WebElementList" name="MouseHovering" time="0.000">
    <skipped/>
  </testcase> <!-- MouseHovering -->
  <testcase classname="com.test.WebElementList" name="DropDown" time="0.000">
    <skipped/>
  </testcase> <!-- DropDown -->
</testsuite> <!-- com.test.WebElementList -->
