<?xml version="1.0" encoding="UTF-8"?>
<!-- Generated by org.testng.reporters.JUnitReportReporter -->
<testsuite hostname="2JVR353" failures="0" tests="2" name="com.test.WebElementList" time="3.096" errors="0" timestamp="2024-07-26T23:54:38 CDT" skipped="0">
  <testcase classname="com.test.WebElementList" name="MouseHovering" time="2.378"/>
  <testcase classname="com.test.WebElementList" name="DropDown" time="0.718"/>
</testsuite> <!-- com.test.WebElementList -->
