<?xml version="1.0" encoding="UTF-8"?>
<!-- Generated by org.testng.reporters.JUnitReportReporter -->
<testsuite hostname="2JVR353" failures="0" tests="2" name="com.test.WebElementList" time="4.368" errors="0" timestamp="2024-07-10T14:17:30 CDT" skipped="0">
  <testcase classname="com.test.WebElementList" name="MouseHovering" time="2.696"/>
  <testcase classname="com.test.WebElementList" name="DropDown" time="1.672"/>
</testsuite> <!-- com.test.WebElementList -->
