<?xml version="1.0" encoding="UTF-8"?>
<!-- Generated by org.testng.reporters.JUnitReportReporter -->
<testsuite hostname="2JVR353" failures="0" tests="1" name="com.excledata.DataRead2" time="0.775" errors="0" timestamp="2024-07-26T23:54:38 CDT" skipped="0">
  <testcase classname="com.excledata.DataRead2" name="dataRead" time="0.775"/>
</testsuite> <!-- com.excledata.DataRead2 -->
